2024-08-19 11:17:16 - len(hyper) of Hyperspectral dataset:160
2024-08-19 11:17:16 - len(label) of Hyperspectral dataset:160
2024-08-19 11:19:17 - len(hyper) of Hyperspectral dataset:41
2024-08-19 11:19:17 - len(label) of Hyperspectral dataset:41
2024-08-19 11:19:49 - Shape of X_train: (675220, 204)
2024-08-19 11:19:49 - Shape of y_train: (675220,)
2024-08-19 11:19:49 - Shape of X_test: (172705, 204)
2024-08-19 11:19:49 - Shape of y_test: (172705,)
2024-08-19 11:19:53 - Device using: cuda:0
2024-08-19 11:19:53 - X_train_ shape before sampling: torch.Size([675220, 204])
2024-08-19 11:19:53 - Shap explainer begins...
2024-08-19 11:19:53 - X_train_ shape after sampling: torch.Size([675220, 204])
2024-08-23 15:06:26 - len(hyper) of Hyperspectral dataset:136
2024-08-23 15:06:26 - len(label) of Hyperspectral dataset:136
2024-08-23 15:08:01 - len(hyper) of Hyperspectral dataset:35
2024-08-23 15:08:01 - len(label) of Hyperspectral dataset:35
2024-08-23 15:08:25 - Shape of X_train: (39304, 204)
2024-08-23 15:08:25 - Shape of y_train: (39304,)
2024-08-23 15:08:25 - Shape of X_test: (10115, 204)
2024-08-23 15:08:25 - Shape of y_test: (10115,)
2024-08-23 15:10:23 - len(hyper) of Hyperspectral dataset:136
2024-08-23 15:10:23 - len(label) of Hyperspectral dataset:136
2024-08-23 15:11:58 - len(hyper) of Hyperspectral dataset:35
2024-08-23 15:11:58 - len(label) of Hyperspectral dataset:35
2024-08-23 15:12:22 - Shape of X_train: (39304, 204)
2024-08-23 15:12:22 - Shape of y_train: (39304,)
2024-08-23 15:12:22 - Shape of X_test: (10115, 204)
2024-08-23 15:12:22 - Shape of y_test: (10115,)
